17:03:42.749 [main] TRACE org.apache.xmlbeans.impl.common.XBeanDebug - Resolving type for handle ctxf97f7type
17:03:42.766 [main] TRACE org.apache.xmlbeans.impl.common.XBeanDebug - Resolving type for handle ctcellstylexfsa81ftype
17:03:42.769 [main] TRACE org.apache.xmlbeans.impl.common.XBeanDebug - Resolving type for handle ctdxfsb26atype
17:03:42.772 [main] TRACE org.apache.xmlbeans.impl.common.XBeanDebug - Resolving type for handle cttablestyles872ftype
17:03:42.776 [main] TRACE org.apache.xmlbeans.impl.common.XBeanDebug - Resolving type for handle sstf81fdoctype
17:03:42.791 [main] TRACE org.apache.xmlbeans.impl.common.XBeanDebug - Resolving type for handle ctsst44f3type
17:03:42.809 [main] TRACE org.apache.xmlbeans.impl.common.XBeanDebug - Resolving type for handle ctrsta472type
17:03:42.844 [main] TRACE org.apache.xmlbeans.impl.common.XBeanDebug - Resolving type for handle workbookec17doctype
17:03:42.850 [main] TRACE org.apache.xmlbeans.impl.common.XBeanDebug - Resolving type for handle ctworkbook83c3type
17:03:42.864 [main] TRACE org.apache.xmlbeans.impl.common.XBeanDebug - Resolving type for handle ctsheets49fdtype
17:03:42.870 [main] TRACE org.apache.xmlbeans.impl.common.XBeanDebug - Resolving type for handle ctsheet4dbetype
17:03:42.875 [main] TRACE org.apache.xmlbeans.impl.common.XBeanDebug - Resolving type for handle strelationshipid1e94type
17:03:42.878 [main] TRACE org.apache.xmlbeans.impl.common.XBeanDebug - Resolving type for handle worksheetf539doctype
17:03:42.888 [main] TRACE org.apache.xmlbeans.impl.common.XBeanDebug - Resolving type for handle ctworksheet530dtype
17:03:42.922 [main] TRACE org.apache.xmlbeans.impl.common.XBeanDebug - Resolving type for handle ctcols627ctype
17:03:42.933 [main] TRACE org.apache.xmlbeans.impl.common.XBeanDebug - Resolving type for handle ctcola95ftype
17:03:42.972 [main] TRACE org.apache.xmlbeans.impl.common.XBeanDebug - Resolving type for handle ctsheetdata8408type
17:03:42.981 [main] TRACE org.apache.xmlbeans.impl.common.XBeanDebug - Resolving type for handle ctrowdd39type
17:03:43.001 [main] TRACE org.apache.xmlbeans.impl.common.XBeanDebug - Resolving type for handle ctcell842btype
17:03:43.025 [main] TRACE org.apache.xmlbeans.impl.common.XBeanDebug - Resolving type for handle stcellrefe4e0type
17:03:43.077 [main] TRACE org.apache.xmlbeans.impl.common.XBeanDebug - Resolving type for handle stxstringf179type
17:03:43.089 [main] TRACE org.apache.xmlbeans.impl.common.XBeanDebug - Resolving type for handle stcelltypebf95type
17:03:43.131 [main] TRACE org.apache.xmlbeans.impl.common.XBeanDebug - Resolving type for handle stcellstylexfid70c7type
17:03:43.155 [main] TRACE org.apache.xmlbeans.impl.common.XBeanDebug - Resolving type for handle ctsheetdimensiond310type
17:03:43.158 [main] TRACE org.apache.xmlbeans.impl.common.XBeanDebug - Resolving type for handle stref90a2type
17:03:43.195 [main] TRACE org.apache.xmlbeans.impl.common.XBeanDebug - Resolving type for handle propertiesee84doctype
17:03:43.202 [main] TRACE org.apache.xmlbeans.impl.common.XBeanDebug - Resolving type for handle ctproperties3f10type
17:03:43.272 [main] TRACE org.apache.xmlbeans.impl.common.XBeanDebug - Resolving type for handle properties288cdoctype
17:03:43.281 [main] TRACE org.apache.xmlbeans.impl.common.XBeanDebug - Resolving type for handle ctproperties2c18type
17:03:43.359 [main] DEBUG org.apache.poi.openxml4j.opc.ZipPackage - Save content types part
17:03:43.552 [main] DEBUG org.apache.poi.openxml4j.opc.ZipPackage - Save package relationships
17:03:43.563 [main] DEBUG org.apache.poi.openxml4j.opc.ZipPackage - Save part 'docProps/app.xml'
17:03:43.564 [main] DEBUG org.apache.poi.openxml4j.opc.ZipPackage - Save part 'docProps/core.xml'
17:03:43.571 [main] DEBUG org.apache.poi.openxml4j.opc.ZipPackage - Save part 'xl/sharedStrings.xml'
17:03:43.572 [main] DEBUG org.apache.poi.openxml4j.opc.ZipPackage - Save part 'xl/styles.xml'
17:03:43.572 [main] DEBUG org.apache.poi.openxml4j.opc.ZipPackage - Save part 'xl/theme/theme1.xml'
17:03:43.573 [main] DEBUG org.apache.poi.openxml4j.opc.ZipPackage - Save part 'xl/workbook.xml'
17:03:43.577 [main] DEBUG org.apache.poi.openxml4j.opc.ZipPackage - Save part 'xl/worksheets/sheet1.xml'
17:03:43.578 [main] DEBUG org.apache.poi.openxml4j.opc.ZipPackage - Save part 'xl/worksheets/sheet2.xml'
17:03:43.581 [main] INFO  testCases.TS01_UpcomingBikes - Upcoming honda bikes less than four lakhs got executed and printed
17:04:00.648 [main] INFO  testCases.TS02_UsedCars - Hover done on used cars 
17:04:32.064 [main] INFO  testCases.TS02_UsedCars - Used cars in chennai got clicked
17:04:37.723 [main] DEBUG org.apache.poi.openxml4j.opc.PackageRelationshipCollection - Parsing relationship: /xl/_rels/workbook.xml.rels
17:04:37.724 [main] DEBUG org.apache.poi.openxml4j.opc.PackageRelationshipCollection - Parsing relationship: /_rels/.rels
17:04:37.763 [main] DEBUG org.apache.poi.openxml4j.opc.ZipPackage - Save content types part
